This file contains any messages produced by compilers while
running configure, to aid debugging if configure makes a mistake.

It was created by detectplartform configure 1.0, which was
generated by GNU Autoconf 2.69.  Invocation command line was

  $ ./configure 

## --------- ##
## Platform. ##
## --------- ##

hostname = windows-instance
uname -m = x86_64
uname -r = 3.2.0(0.340/5/3)
uname -s = CYGWIN_NT-10.0
uname -v = 2021-03-29 08:42

/usr/bin/uname -p = unknown
/bin/uname -X     = unknown

/bin/arch              = x86_64
/usr/bin/arch -k       = unknown
/usr/convex/getsysinfo = unknown
/usr/bin/hostinfo      = unknown
/bin/machine           = unknown
/usr/bin/oslevel       = unknown
/bin/universe          = unknown

PATH: /usr/local/bin
PATH: /usr/bin
PATH: /cygdrive/c/Windows/system32
PATH: /cygdrive/c/Windows
PATH: /cygdrive/c/Windows/System32/Wbem
PATH: /cygdrive/c/Windows/System32/WindowsPowerShell/v1.0
PATH: /cygdrive/c/Windows/System32/OpenSSH
PATH: /cygdrive/c/ProgramData/GooGet
PATH: /cygdrive/c/Program Files/Google/Compute Engine/metadata_scripts
PATH: /cygdrive/c/Program Files (x86)/Google/Cloud SDK/google-cloud-sdk/bin
PATH: /cygdrive/c/Program Files/PowerShell/7
PATH: /cygdrive/c/Program Files/Google/Compute Engine/sysprep
PATH: /cygdrive/c/Users/butcher/AppData/Local/Microsoft/WindowsApps
PATH: /cygdrive/c/Users/butcher/AppData/Local/atom/bin
PATH: /cygdrive/c/Users/butcher/AppData/Local/Programs/Microsoft VS Code/bin
PATH: /cygdrive/c/Program Files/mingw-w64/x86_64-8.1.0-posix-seh-rt_v6-rev0/mingw64/bin


## ----------- ##
## Core tests. ##
## ----------- ##

configure:2278: checking build system type
configure:2292: result: x86_64-pc-cygwin
configure:2312: checking host system type
configure:2325: result: x86_64-pc-cygwin
configure:2366: checking how to print strings
configure:2393: result: printf
configure:2465: checking for gcc
configure:2481: found /usr/bin/gcc
configure:2492: result: gcc
configure:2721: checking for C compiler version
configure:2730: gcc --version >&5
gcc (GCC) 11.2.0
Copyright (C) 2021 Free Software Foundation, Inc.
This is free software; see the source for copying conditions.  There is NO
warranty; not even for MERCHANTABILITY or FITNESS FOR A PARTICULAR PURPOSE.

configure:2741: $? = 0
configure:2730: gcc -v >&5
Using built-in specs.
COLLECT_GCC=gcc
COLLECT_LTO_WRAPPER=/usr/lib/gcc/x86_64-pc-cygwin/11/lto-wrapper.exe
Target: x86_64-pc-cygwin
Configured with: /mnt/share/cygpkgs/gcc/gcc.x86_64/src/gcc-11.2.0/configure --srcdir=/mnt/share/cygpkgs/gcc/gcc.x86_64/src/gcc-11.2.0 --prefix=/usr --exec-prefix=/usr --localstatedir=/var --sysconfdir=/etc --docdir=/usr/share/doc/gcc --htmldir=/usr/share/doc/gcc/html -C --build=x86_64-pc-cygwin --host=x86_64-pc-cygwin --target=x86_64-pc-cygwin --without-libiconv-prefix --without-libintl-prefix --libexecdir=/usr/lib --with-gcc-major-version-only --enable-shared --enable-shared-libgcc --enable-static --enable-version-specific-runtime-libs --enable-bootstrap --enable-__cxa_atexit --with-dwarf2 --with-tune=generic --disable-bootstrap --enable-languages=c,c++,fortran,lto,objc,obj-c++,jit --enable-graphite --enable-threads=posix --enable-libatomic --enable-libgomp --enable-libquadmath --enable-libquadmath-support --disable-libssp --enable-libada --disable-symvers --with-gnu-ld --with-gnu-as --with-cloog-include=/usr/include/cloog-isl --without-libiconv-prefix --without-libintl-prefix --with-system-zlib --enable-linker-build-id --with-default-libstdcxx-abi=gcc4-compatible --enable-libstdcxx-filesystem-ts
Thread model: posix
Supported LTO compression algorithms: zlib zstd
gcc version 11.2.0 (GCC) 
configure:2741: $? = 0
configure:2730: gcc -V >&5
gcc: error: unrecognized command-line option '-V'
gcc: fatal error: no input files
compilation terminated.
configure:2741: $? = 1
configure:2730: gcc -qversion >&5
gcc: error: unrecognized command-line option '-qversion'; did you mean '--version'?
gcc: fatal error: no input files
compilation terminated.
configure:2741: $? = 1
configure:2761: checking whether the C compiler works
configure:2783: gcc    conftest.c  >&5
configure:2787: $? = 0
configure:2835: result: yes
configure:2838: checking for C compiler default output file name
configure:2840: result: a.exe
configure:2846: checking for suffix of executables
configure:2853: gcc -o conftest.exe    conftest.c  >&5
configure:2857: $? = 0
configure:2879: result: .exe
configure:2901: checking whether we are cross compiling
configure:2909: gcc -o conftest.exe    conftest.c  >&5
configure:2913: $? = 0
configure:2920: ./conftest.exe
configure:2924: $? = 0
configure:2939: result: no
configure:2944: checking for suffix of object files
configure:2966: gcc -c   conftest.c >&5
configure:2970: $? = 0
configure:2991: result: o
configure:2995: checking whether we are using the GNU C compiler
configure:3014: gcc -c   conftest.c >&5
configure:3014: $? = 0
configure:3023: result: yes
configure:3032: checking whether gcc accepts -g
configure:3052: gcc -c -g  conftest.c >&5
configure:3052: $? = 0
configure:3093: result: yes
configure:3110: checking for gcc option to accept ISO C89
configure:3173: gcc  -c -g -O2  conftest.c >&5
configure:3173: $? = 0
configure:3186: result: none needed
configure:3211: checking whether gcc understands -c and -o together
configure:3233: gcc -c conftest.c -o conftest2.o
configure:3236: $? = 0
configure:3233: gcc -c conftest.c -o conftest2.o
configure:3236: $? = 0
configure:3248: result: yes
configure:3265: checking for a sed that does not truncate output
configure:3329: result: /usr/bin/sed
configure:3347: checking for grep that handles long lines and -e
configure:3405: result: /usr/bin/grep
configure:3410: checking for egrep
configure:3472: result: /usr/bin/grep -E
configure:3477: checking for fgrep
configure:3539: result: /usr/bin/grep -F
configure:3574: checking for ld used by gcc
configure:3641: result: /usr/x86_64-pc-cygwin/bin/ld.exe
configure:3648: checking if the linker (/usr/x86_64-pc-cygwin/bin/ld.exe) is GNU ld
configure:3663: result: yes
configure:3675: checking for BSD- or MS-compatible name lister (nm)
configure:3729: result: /usr/bin/nm -B
configure:3859: checking the name lister (/usr/bin/nm -B) interface
configure:3866: gcc -c -g -O2  conftest.c >&5
configure:3869: /usr/bin/nm -B "conftest.o"
configure:3872: output
0000000000000000 b .bss
0000000000000000 d .data
0000000000000000 N .debug_abbrev
0000000000000000 N .debug_aranges
0000000000000000 N .debug_info
0000000000000000 N .debug_line
0000000000000000 N .debug_line_str
0000000000000000 r .rdata$zzz
0000000000000000 t .text
0000000000000000 B some_variable
configure:3879: result: BSD nm
configure:3882: checking whether ln -s works
configure:3886: result: yes
configure:3894: checking the maximum length of command line arguments
configure:4025: result: 8192
configure:4073: checking how to convert x86_64-pc-cygwin file names to x86_64-pc-cygwin format
configure:4113: result: func_convert_file_noop
configure:4120: checking how to convert x86_64-pc-cygwin file names to toolchain format
configure:4140: result: func_convert_file_noop
configure:4147: checking for /usr/x86_64-pc-cygwin/bin/ld.exe option to reload object files
configure:4154: result: -r
configure:4228: checking for objdump
configure:4244: found /usr/bin/objdump
configure:4255: result: objdump
configure:4287: checking how to recognize dependent libraries
configure:4487: result: file_magic ^x86 archive import|^x86 DLL
configure:4572: checking for dlltool
configure:4588: found /usr/bin/dlltool
configure:4599: result: dlltool
configure:4632: checking how to associate runtime and link libraries
configure:4659: result: func_cygming_dll_for_implib
configure:4720: checking for ar
configure:4736: found /usr/bin/ar
configure:4747: result: ar
configure:4784: checking for archiver @FILE support
configure:4801: gcc -c -g -O2  conftest.c >&5
configure:4801: $? = 0
configure:4804: ar cru libconftest.a @conftest.lst >&5
configure:4807: $? = 0
configure:4812: ar cru libconftest.a @conftest.lst >&5
ar: conftest.o: No such file or directory
configure:4815: $? = 1
configure:4827: result: @
configure:4885: checking for strip
configure:4901: found /usr/bin/strip
configure:4912: result: strip
configure:4984: checking for ranlib
configure:5000: found /usr/bin/ranlib
configure:5011: result: ranlib
configure:5088: checking for gawk
configure:5104: found /usr/bin/gawk
configure:5115: result: gawk
configure:5155: checking command to parse /usr/bin/nm -B output from gcc object
configure:5308: gcc -c -g -O2  conftest.c >&5
configure:5311: $? = 0
configure:5315: /usr/bin/nm -B conftest.o \| sed -n -e 's/^.*[ ]\([ABCDGIRSTW][ABCDGIRSTW]*\)[ ][ ]*\([_A-Za-z][_A-Za-z0-9]*\)$/\1 \2 \2/p' | sed '/ __gnu_lto/d' \> conftest.nm
configure:5318: $? = 0
configure:5384: gcc -o conftest.exe -g -O2   conftest.c conftstm.o >&5
configure:5387: $? = 0
configure:5425: result: ok
configure:5472: checking for sysroot
configure:5502: result: no
configure:5509: checking for a working dd
configure:5547: result: /usr/bin/dd
configure:5551: checking how to truncate binary pipes
configure:5566: result: /usr/bin/dd bs=4096 count=1
configure:5895: checking for mt
configure:5925: result: no
configure:5945: checking if : is a manifest tool
configure:5951: : '-?'
configure:5959: result: no
configure:6636: checking how to run the C preprocessor
configure:6667: gcc -E  conftest.c
configure:6667: $? = 0
configure:6681: gcc -E  conftest.c
conftest.c:9:10: fatal error: ac_nonexistent.h: No such file or directory
    9 | #include <ac_nonexistent.h>
      |          ^~~~~~~~~~~~~~~~~~
compilation terminated.
configure:6681: $? = 1
configure: failed program was:
| /* confdefs.h */
| #define PACKAGE_NAME "detectplartform"
| #define PACKAGE_TARNAME "detectplartform"
| #define PACKAGE_VERSION "1.0"
| #define PACKAGE_STRING "detectplartform 1.0"
| #define PACKAGE_BUGREPORT ""
| #define PACKAGE_URL ""
| /* end confdefs.h.  */
| #include <ac_nonexistent.h>
configure:6706: result: gcc -E
configure:6726: gcc -E  conftest.c
configure:6726: $? = 0
configure:6740: gcc -E  conftest.c
conftest.c:9:10: fatal error: ac_nonexistent.h: No such file or directory
    9 | #include <ac_nonexistent.h>
      |          ^~~~~~~~~~~~~~~~~~
compilation terminated.
configure:6740: $? = 1
configure: failed program was:
| /* confdefs.h */
| #define PACKAGE_NAME "detectplartform"
| #define PACKAGE_TARNAME "detectplartform"
| #define PACKAGE_VERSION "1.0"
| #define PACKAGE_STRING "detectplartform 1.0"
| #define PACKAGE_BUGREPORT ""
| #define PACKAGE_URL ""
| /* end confdefs.h.  */
| #include <ac_nonexistent.h>
configure:6769: checking for ANSI C header files
configure:6789: gcc -c -g -O2  conftest.c >&5
configure:6789: $? = 0
configure:6862: gcc -o conftest.exe -g -O2   conftest.c  >&5
configure:6862: $? = 0
configure:6862: ./conftest.exe
configure:6862: $? = 0
configure:6873: result: yes
configure:6886: checking for sys/types.h
configure:6886: gcc -c -g -O2  conftest.c >&5
configure:6886: $? = 0
configure:6886: result: yes
configure:6886: checking for sys/stat.h
configure:6886: gcc -c -g -O2  conftest.c >&5
configure:6886: $? = 0
configure:6886: result: yes
configure:6886: checking for stdlib.h
configure:6886: gcc -c -g -O2  conftest.c >&5
configure:6886: $? = 0
configure:6886: result: yes
configure:6886: checking for string.h
configure:6886: gcc -c -g -O2  conftest.c >&5
configure:6886: $? = 0
configure:6886: result: yes
configure:6886: checking for memory.h
configure:6886: gcc -c -g -O2  conftest.c >&5
configure:6886: $? = 0
configure:6886: result: yes
configure:6886: checking for strings.h
configure:6886: gcc -c -g -O2  conftest.c >&5
configure:6886: $? = 0
configure:6886: result: yes
configure:6886: checking for inttypes.h
configure:6886: gcc -c -g -O2  conftest.c >&5
configure:6886: $? = 0
configure:6886: result: yes
configure:6886: checking for stdint.h
configure:6886: gcc -c -g -O2  conftest.c >&5
configure:6886: $? = 0
configure:6886: result: yes
configure:6886: checking for unistd.h
configure:6886: gcc -c -g -O2  conftest.c >&5
configure:6886: $? = 0
configure:6886: result: yes
configure:6900: checking for dlfcn.h
configure:6900: gcc -c -g -O2  conftest.c >&5
configure:6900: $? = 0
configure:6900: result: yes
configure:7155: checking for objdir
configure:7170: result: .libs
configure:7434: checking if gcc supports -fno-rtti -fno-exceptions
configure:7452: gcc -c -g -O2  -fno-rtti -fno-exceptions conftest.c >&5
cc1: warning: command-line option '-fno-rtti' is valid for C++/D/ObjC++ but not for C
configure:7456: $? = 0
configure:7469: result: no
configure:7827: checking for gcc option to produce PIC
configure:7834: result: -DDLL_EXPORT -DPIC
configure:7842: checking if gcc PIC flag -DDLL_EXPORT -DPIC works
configure:7860: gcc -c -g -O2  -DDLL_EXPORT -DPIC -DPIC conftest.c >&5
configure:7864: $? = 0
configure:7877: result: yes
configure:7906: checking if gcc static flag -static works
configure:7934: result: yes
configure:7949: checking if gcc supports -c -o file.o
configure:7970: gcc -c -g -O2  -o out/conftest2.o conftest.c >&5
configure:7974: $? = 0
configure:7996: result: yes
configure:8004: checking if gcc supports -c -o file.o
configure:8051: result: yes
configure:8084: checking whether the gcc linker (/usr/x86_64-pc-cygwin/bin/ld.exe) supports shared libraries
configure:9343: result: yes
configure:9380: checking whether -lc should be explicitly linked in
configure:9388: gcc -c -g -O2  conftest.c >&5
configure:9391: $? = 0
configure:9406: gcc -shared conftest.o  -v -o ./conftest -Wl,--enable-auto-image-base -Xlinker --out-implib -Xlinker conftest 2\>\&1 \| /usr/bin/grep  -lc  \>/dev/null 2\>\&1
configure:9409: $? = 1
configure:9423: result: yes
configure:9583: checking dynamic linker characteristics
configure:10401: result: Win32 ld.exe
configure:10523: checking how to hardcode library paths into programs
configure:10548: result: immediate
configure:10850: checking whether a program can dlopen itself
configure:10930: gcc -o conftest.exe -g -O2  -DHAVE_DLFCN_H  -Wl,--export-all-symbols conftest.c   >&5
configure:10933: $? = 0
configure:10951: result: yes
configure:10956: checking whether a statically linked program can dlopen itself
configure:11036: gcc -o conftest.exe -g -O2  -DHAVE_DLFCN_H  -Wl,--export-all-symbols -static conftest.c   >&5
configure:11039: $? = 0
configure:11057: result: yes
configure:11096: checking whether stripping libraries is possible
configure:11101: result: yes
configure:11136: checking if libtool supports shared libraries
configure:11138: result: yes
configure:11141: checking whether to build shared libraries
configure:11166: result: yes
configure:11169: checking whether to build static libraries
configure:11173: result: yes
configure:11264: checking for gcc
configure:11291: result: gcc
configure:11520: checking for C compiler version
configure:11529: gcc --version >&5
gcc (GCC) 11.2.0
Copyright (C) 2021 Free Software Foundation, Inc.
This is free software; see the source for copying conditions.  There is NO
warranty; not even for MERCHANTABILITY or FITNESS FOR A PARTICULAR PURPOSE.

configure:11540: $? = 0
configure:11529: gcc -v >&5
Using built-in specs.
COLLECT_GCC=gcc
COLLECT_LTO_WRAPPER=/usr/lib/gcc/x86_64-pc-cygwin/11/lto-wrapper.exe
Target: x86_64-pc-cygwin
Configured with: /mnt/share/cygpkgs/gcc/gcc.x86_64/src/gcc-11.2.0/configure --srcdir=/mnt/share/cygpkgs/gcc/gcc.x86_64/src/gcc-11.2.0 --prefix=/usr --exec-prefix=/usr --localstatedir=/var --sysconfdir=/etc --docdir=/usr/share/doc/gcc --htmldir=/usr/share/doc/gcc/html -C --build=x86_64-pc-cygwin --host=x86_64-pc-cygwin --target=x86_64-pc-cygwin --without-libiconv-prefix --without-libintl-prefix --libexecdir=/usr/lib --with-gcc-major-version-only --enable-shared --enable-shared-libgcc --enable-static --enable-version-specific-runtime-libs --enable-bootstrap --enable-__cxa_atexit --with-dwarf2 --with-tune=generic --disable-bootstrap --enable-languages=c,c++,fortran,lto,objc,obj-c++,jit --enable-graphite --enable-threads=posix --enable-libatomic --enable-libgomp --enable-libquadmath --enable-libquadmath-support --disable-libssp --enable-libada --disable-symvers --with-gnu-ld --with-gnu-as --with-cloog-include=/usr/include/cloog-isl --without-libiconv-prefix --without-libintl-prefix --with-system-zlib --enable-linker-build-id --with-default-libstdcxx-abi=gcc4-compatible --enable-libstdcxx-filesystem-ts
Thread model: posix
Supported LTO compression algorithms: zlib zstd
gcc version 11.2.0 (GCC) 
configure:11540: $? = 0
configure:11529: gcc -V >&5
gcc: error: unrecognized command-line option '-V'
gcc: fatal error: no input files
compilation terminated.
configure:11540: $? = 1
configure:11529: gcc -qversion >&5
gcc: error: unrecognized command-line option '-qversion'; did you mean '--version'?
gcc: fatal error: no input files
compilation terminated.
configure:11540: $? = 1
configure:11544: checking whether we are using the GNU C compiler
configure:11572: result: yes
configure:11581: checking whether gcc accepts -g
configure:11642: result: yes
configure:11659: checking for gcc option to accept ISO C89
configure:11735: result: none needed
configure:11760: checking whether gcc understands -c and -o together
configure:11797: result: yes
configure:11828: checking for a BSD-compatible install
configure:11896: result: /usr/bin/install -c
configure:11910: checking for stdlib.h
configure:11910: result: yes
configure:11928: checking whether build environment is sane
configure:11983: result: yes
configure:12131: checking for a thread-safe mkdir -p
configure:12170: result: /usr/bin/mkdir -p
configure:12173: checking whether make sets $(MAKE)
configure:12195: result: yes
configure:12217: checking whether make supports the include directive
configure:12232: make -f confmf.GNU && cat confinc.out
this is the am__doit target
configure:12235: $? = 0
configure:12254: result: yes (GNU style)
configure:12287: checking whether make supports nested variables
configure:12304: result: yes
configure:12389: checking dependency style of gcc
configure:12500: result: gcc3
configure:12561: checking for kernel type (cygwin)
configure:12688: WARNING:
      -----------------------------
      Kernel not recognized.
      -----------------------------
    
configure:12696: result: unknown
configure:12808: checking that generated files are newer than configure
configure:12814: result: done
configure:12837: creating ./config.status

## ---------------------- ##
## Running config.status. ##
## ---------------------- ##

This file was extended by detectplartform config.status 1.0, which was
generated by GNU Autoconf 2.69.  Invocation command line was

  CONFIG_FILES    = 
  CONFIG_HEADERS  = 
  CONFIG_LINKS    = 
  CONFIG_COMMANDS = 
  $ ./config.status 

on windows-instance

config.status:1099: creating src/Makefile
config.status:1099: creating Makefile
config.status:1099: creating config.h
config.status:1328: executing libtool commands
config.status:1328: executing depfiles commands
config.status:1948: cd src       && sed -e '/# am--include-marker/d' Makefile         | make -f - am--depfiles
config.status:1953: $? = 0

## ---------------- ##
## Cache variables. ##
## ---------------- ##

ac_cv_build=x86_64-pc-cygwin
ac_cv_c_compiler_gnu=yes
ac_cv_env_CC_set=
ac_cv_env_CC_value=
ac_cv_env_CFLAGS_set=
ac_cv_env_CFLAGS_value=
ac_cv_env_CPPFLAGS_set=
ac_cv_env_CPPFLAGS_value=
ac_cv_env_CPP_set=
ac_cv_env_CPP_value=
ac_cv_env_LDFLAGS_set=
ac_cv_env_LDFLAGS_value=
ac_cv_env_LIBS_set=
ac_cv_env_LIBS_value=
ac_cv_env_LT_SYS_LIBRARY_PATH_set=
ac_cv_env_LT_SYS_LIBRARY_PATH_value=
ac_cv_env_build_alias_set=
ac_cv_env_build_alias_value=
ac_cv_env_host_alias_set=
ac_cv_env_host_alias_value=
ac_cv_env_target_alias_set=
ac_cv_env_target_alias_value=
ac_cv_exeext=.exe
ac_cv_header_dlfcn_h=yes
ac_cv_header_inttypes_h=yes
ac_cv_header_memory_h=yes
ac_cv_header_stdc=yes
ac_cv_header_stdint_h=yes
ac_cv_header_stdlib_h=yes
ac_cv_header_string_h=yes
ac_cv_header_strings_h=yes
ac_cv_header_sys_stat_h=yes
ac_cv_header_sys_types_h=yes
ac_cv_header_unistd_h=yes
ac_cv_host=x86_64-pc-cygwin
ac_cv_objext=o
ac_cv_path_EGREP='/usr/bin/grep -E'
ac_cv_path_FGREP='/usr/bin/grep -F'
ac_cv_path_GREP=/usr/bin/grep
ac_cv_path_SED=/usr/bin/sed
ac_cv_path_install='/usr/bin/install -c'
ac_cv_path_lt_DD=/usr/bin/dd
ac_cv_path_mkdir=/usr/bin/mkdir
ac_cv_prog_AWK=gawk
ac_cv_prog_CPP='gcc -E'
ac_cv_prog_ac_ct_AR=ar
ac_cv_prog_ac_ct_CC=gcc
ac_cv_prog_ac_ct_DLLTOOL=dlltool
ac_cv_prog_ac_ct_OBJDUMP=objdump
ac_cv_prog_ac_ct_RANLIB=ranlib
ac_cv_prog_ac_ct_STRIP=strip
ac_cv_prog_cc_c89=
ac_cv_prog_cc_g=yes
ac_cv_prog_make_make_set=yes
am_cv_CC_dependencies_compiler_type=gcc3
am_cv_make_support_nested_variables=yes
am_cv_prog_cc_c_o=yes
lt_cv_ar_at_file=@
lt_cv_archive_cmds_need_lc=yes
lt_cv_deplibs_check_method='file_magic ^x86 archive import|^x86 DLL'
lt_cv_dlopen=dlopen
lt_cv_dlopen_libs=
lt_cv_dlopen_self=yes
lt_cv_dlopen_self_static=yes
lt_cv_file_magic_cmd=func_win32_libid
lt_cv_file_magic_test_file=
lt_cv_ld_reload_flag=-r
lt_cv_nm_interface='BSD nm'
lt_cv_objdir=.libs
lt_cv_path_LD=/usr/x86_64-pc-cygwin/bin/ld.exe
lt_cv_path_NM='/usr/bin/nm -B'
lt_cv_path_mainfest_tool=no
lt_cv_prog_compiler_c_o=yes
lt_cv_prog_compiler_pic='-DDLL_EXPORT -DPIC'
lt_cv_prog_compiler_pic_works=yes
lt_cv_prog_compiler_rtti_exceptions=no
lt_cv_prog_compiler_static_works=yes
lt_cv_prog_gnu_ld=yes
lt_cv_sharedlib_from_linklib_cmd=func_cygming_dll_for_implib
lt_cv_sys_global_symbol_pipe='sed -n -e '\''s/^.*[	 ]\([ABCDGIRSTW][ABCDGIRSTW]*\)[	 ][	 ]*\([_A-Za-z][_A-Za-z0-9]*\)$/\1 \2 \2/p'\'' | sed '\''/ __gnu_lto/d'\'''
lt_cv_sys_global_symbol_to_c_name_address='sed -n -e '\''s/^: \(.*\) .*$/  {"\1", (void *) 0},/p'\'' -e '\''s/^[ABCDGIRSTW][ABCDGIRSTW]* .* \(.*\)$/  {"\1", (void *) \&\1},/p'\'''
lt_cv_sys_global_symbol_to_c_name_address_lib_prefix='sed -n -e '\''s/^: \(.*\) .*$/  {"\1", (void *) 0},/p'\'' -e '\''s/^[ABCDGIRSTW][ABCDGIRSTW]* .* \(lib.*\)$/  {"\1", (void *) \&\1},/p'\'' -e '\''s/^[ABCDGIRSTW][ABCDGIRSTW]* .* \(.*\)$/  {"lib\1", (void *) \&\1},/p'\'''
lt_cv_sys_global_symbol_to_cdecl='sed -n -e '\''s/^T .* \(.*\)$/extern int \1();/p'\'' -e '\''s/^[ABCDGIRSTW][ABCDGIRSTW]* .* \(.*\)$/extern char \1;/p'\'''
lt_cv_sys_global_symbol_to_import=
lt_cv_sys_max_cmd_len=8192
lt_cv_to_host_file_cmd=func_convert_file_noop
lt_cv_to_tool_file_cmd=func_convert_file_noop
lt_cv_truncate_bin='/usr/bin/dd bs=4096 count=1'

## ----------------- ##
## Output variables. ##
## ----------------- ##

ACLOCAL='${SHELL} /home/butcher/Documents/Sandbox/Autotools/DetectPlatform/missing aclocal-1.16'
AMDEPBACKSLASH='\'
AMDEP_FALSE='#'
AMDEP_TRUE=''
AMTAR='$${TAR-tar}'
AM_BACKSLASH='\'
AM_DEFAULT_V='$(AM_DEFAULT_VERBOSITY)'
AM_DEFAULT_VERBOSITY='1'
AM_V='$(V)'
AR='ar'
AUTOCONF='${SHELL} /home/butcher/Documents/Sandbox/Autotools/DetectPlatform/missing autoconf'
AUTOHEADER='${SHELL} /home/butcher/Documents/Sandbox/Autotools/DetectPlatform/missing autoheader'
AUTOMAKE='${SHELL} /home/butcher/Documents/Sandbox/Autotools/DetectPlatform/missing automake-1.16'
AWK='gawk'
CC='gcc'
CCDEPMODE='depmode=gcc3'
CFLAGS='-g -O2'
CPP='gcc -E'
CPPFLAGS=''
CYGPATH_W='cygpath -w'
DEFS='-DHAVE_CONFIG_H'
DEPDIR='.deps'
DLLTOOL='dlltool'
DSYMUTIL=''
DUMPBIN=''
ECHO_C=''
ECHO_N='-n'
ECHO_T=''
EGREP='/usr/bin/grep -E'
EXEEXT='.exe'
FGREP='/usr/bin/grep -F'
GREP='/usr/bin/grep'
INSTALL_DATA='${INSTALL} -m 644'
INSTALL_PROGRAM='${INSTALL}'
INSTALL_SCRIPT='${INSTALL}'
INSTALL_STRIP_PROGRAM='$(install_sh) -c -s'
LD='/usr/x86_64-pc-cygwin/bin/ld.exe'
LDFLAGS=''
LIBOBJS=''
LIBS=''
LIBTOOL='$(SHELL) $(top_builddir)/libtool'
LIPO=''
LN_S='ln -s'
LTLIBOBJS=''
LT_SYS_LIBRARY_PATH=''
MAKEINFO='${SHELL} /home/butcher/Documents/Sandbox/Autotools/DetectPlatform/missing makeinfo'
MANIFEST_TOOL=':'
MKDIR_P='/usr/bin/mkdir -p'
NM='/usr/bin/nm -B'
NMEDIT=''
OBJDUMP='objdump'
OBJEXT='o'
OTOOL64=''
OTOOL=''
PACKAGE='detectplartform'
PACKAGE_BUGREPORT=''
PACKAGE_NAME='detectplartform'
PACKAGE_STRING='detectplartform 1.0'
PACKAGE_TARNAME='detectplartform'
PACKAGE_URL=''
PACKAGE_VERSION='1.0'
PATH_SEPARATOR=':'
RANLIB='ranlib'
SED='/usr/bin/sed'
SET_MAKE=''
SHELL='/bin/sh'
STRIP='strip'
VERSION='1.0'
ac_ct_AR='ar'
ac_ct_CC='gcc'
ac_ct_DUMPBIN=''
am__EXEEXT_FALSE='#'
am__EXEEXT_TRUE=''
am__fastdepCC_FALSE='#'
am__fastdepCC_TRUE=''
am__include='include'
am__isrc=''
am__leading_dot='.'
am__nodep='_no'
am__quote=''
am__tar='$${TAR-tar} chof - "$$tardir"'
am__untar='$${TAR-tar} xf -'
bindir='${exec_prefix}/bin'
build='x86_64-pc-cygwin'
build_alias=''
build_cpu='x86_64'
build_os='cygwin'
build_vendor='pc'
datadir='${datarootdir}'
datarootdir='${prefix}/share'
docdir='${datarootdir}/doc/${PACKAGE_TARNAME}'
dvidir='${docdir}'
exec_prefix='${prefix}'
host='x86_64-pc-cygwin'
host_alias=''
host_cpu='x86_64'
host_os='cygwin'
host_vendor='pc'
htmldir='${docdir}'
includedir='${prefix}/include'
infodir='${datarootdir}/info'
install_sh='${SHELL} /home/butcher/Documents/Sandbox/Autotools/DetectPlatform/install-sh'
libdir='${exec_prefix}/lib'
libexecdir='${exec_prefix}/libexec'
localedir='${datarootdir}/locale'
localstatedir='${prefix}/var'
mandir='${datarootdir}/man'
mkdir_p='$(MKDIR_P)'
oldincludedir='/usr/include'
pdfdir='${docdir}'
prefix='/usr/local'
program_transform_name='s,x,x,'
psdir='${docdir}'
runstatedir='${localstatedir}/run'
sbindir='${exec_prefix}/sbin'
sharedstatedir='${prefix}/com'
sysconfdir='${prefix}/etc'
target_alias=''

## ----------- ##
## confdefs.h. ##
## ----------- ##

/* confdefs.h */
#define PACKAGE_NAME "detectplartform"
#define PACKAGE_TARNAME "detectplartform"
#define PACKAGE_VERSION "1.0"
#define PACKAGE_STRING "detectplartform 1.0"
#define PACKAGE_BUGREPORT ""
#define PACKAGE_URL ""
#define STDC_HEADERS 1
#define HAVE_SYS_TYPES_H 1
#define HAVE_SYS_STAT_H 1
#define HAVE_STDLIB_H 1
#define HAVE_STRING_H 1
#define HAVE_MEMORY_H 1
#define HAVE_STRINGS_H 1
#define HAVE_INTTYPES_H 1
#define HAVE_STDINT_H 1
#define HAVE_UNISTD_H 1
#define HAVE_DLFCN_H 1
#define LT_OBJDIR ".libs/"
#define HAVE_STDLIB_H 1
#define PACKAGE "detectplartform"
#define VERSION "1.0"

configure: exit 0
